src/components/layout/Header.tsx(1,1): error TS6133: 'React' is declared but its value is never read.
src/components/layout/Header.tsx(5,1): error TS6133: 'cn' is declared but its value is never read.
src/components/layout/Header.tsx(10,9): error TS6133: 'isRTL' is declared but its value is never read.
src/components/layout/PageLayout.tsx(11,3): error TS6133: 'Filter' is declared but its value is never read.
src/components/layout/Sidebar.tsx(1,8): error TS6133: 'React' is declared but its value is never read.
src/components/layout/Sidebar.tsx(9,3): error TS6133: 'engineerMenu' is declared but its value is never read.
src/components/layout/Sidebar.tsx(10,3): error TS6133: 'clientMenu' is declared but its value is never read.
src/components/layout/Sidebar.tsx(11,3): error TS6133: 'adminMenu' is declared but its value is never read.
src/components/layout/Sidebar.tsx(14,10): error TS6133: 'MenuSection' is declared but its value is never read.
src/components/layout/Sidebar.tsx(17,11): error TS6133: 't' is declared but its value is never read.
src/components/layout/Sidebar.tsx(20,9): error TS6133: 'theme' is declared but its value is never read.
src/components/layout/Sidebar.tsx(195,36): error TS2345: Argument of type '(item: MenuItem) => JSX.Element | null' is not assignable to parameter of type '(value: { id: string; label: string; labelAr: string; icon: string; path: string; isExpandable: boolean; roles?: undefined; subItems?: undefined; badge?: undefined; } | { id: string; label: string; labelAr: string; ... 5 more ...; badge?: undefined; } | { ...; } | { ...; }, index: number, array: ({ ...; } | ... 2 mo...'.
  Types of parameters 'item' and 'value' are incompatible.
    Type '{ id: string; label: string; labelAr: string; icon: string; path: string; isExpandable: boolean; roles?: undefined; subItems?: undefined; badge?: undefined; } | { id: string; label: string; labelAr: string; ... 5 more ...; badge?: undefined; } | { ...; } | { ...; }' is not assignable to type 'MenuItem'.
      Type '{ id: string; label: string; labelAr: string; icon: string; path: string; isExpandable: boolean; roles: string[]; subItems: { id: string; label: string; labelAr: string; icon: string; path: string; }[]; badge?: undefined; }' is not assignable to type 'MenuItem'.
        Types of property 'roles' are incompatible.
          Type 'string[]' is not assignable to type 'UserRole[]'.
            Type 'string' is not assignable to type 'UserRole'.
src/components/layout/Sidebar.tsx(207,24): error TS2339: Property 'name' does not exist on type 'User'.
src/components/ui/LanguageSelector.tsx(6,1): error TS6192: All imports in import declaration are unused.
src/components/ui/LanguageSelector.tsx(29,10): error TS6133: 'focusedIndex' is declared but its value is never read.
src/components/ui/LanguageSelector.tsx(34,7): error TS2345: Argument of type 'KeyboardEvent<Element>' is not assignable to parameter of type 'KeyboardEvent'.
  Type 'KeyboardEvent<Element>' is missing the following properties from type 'KeyboardEvent': isComposing, initKeyboardEvent, DOM_KEY_LOCATION_STANDARD, DOM_KEY_LOCATION_LEFT, and 14 more.
src/components/ui/OtpCodeInput.tsx(6,10): error TS6133: 'rtl' is declared but its value is never read.
src/components/ui/PhoneInput.tsx(6,10): error TS6133: 'rtl' is declared but its value is never read.
src/components/ui/PhoneInput.tsx(21,3): error TS6133: 'countryCode' is declared but its value is never read.
src/components/ui/PhoneInput.tsx(24,3): error TS6133: 'onCountryChange' is declared but its value is never read.
src/components/ui/RoleCard.tsx(6,10): error TS6133: 'rtl' is declared but its value is never read.
src/components/ui/RoleCard.tsx(27,3): error TS6133: 'className' is declared but its value is never read.
src/components/ui/RoleCard.tsx(29,9): error TS6133: 't' is declared but its value is never read.
src/components/ui/RoleCard.tsx(36,8): error TS2345: Argument of type 'KeyboardEvent<Element>' is not assignable to parameter of type 'KeyboardEvent'.
  Type 'KeyboardEvent<Element>' is missing the following properties from type 'KeyboardEvent': isComposing, initKeyboardEvent, DOM_KEY_LOCATION_STANDARD, DOM_KEY_LOCATION_LEFT, and 14 more.
src/components/ui/SlideToAct.tsx(6,10): error TS6133: 'rtl' is declared but its value is never read.
src/components/ui/SlideToAct.tsx(118,8): error TS2345: Argument of type 'KeyboardEvent<Element>' is not assignable to parameter of type 'KeyboardEvent'.
  Type 'KeyboardEvent<Element>' is missing the following properties from type 'KeyboardEvent': isComposing, initKeyboardEvent, DOM_KEY_LOCATION_STANDARD, DOM_KEY_LOCATION_LEFT, and 14 more.
src/components/ui/Stepper.tsx(6,10): error TS6133: 'rtl' is declared but its value is never read.
src/components/ui/Stepper.tsx(33,10): error TS6133: 'focusedIndex' is declared but its value is never read.
src/components/ui/Stepper.tsx(40,7): error TS2345: Argument of type 'KeyboardEvent<Element>' is not assignable to parameter of type 'KeyboardEvent'.
  Type 'KeyboardEvent<Element>' is missing the following properties from type 'KeyboardEvent': isComposing, initKeyboardEvent, DOM_KEY_LOCATION_STANDARD, DOM_KEY_LOCATION_LEFT, and 14 more.
src/design-system/components.tsx(3,1): error TS6133: 'designTokens' is declared but its value is never read.
src/design-system/components.tsx(89,3): error TS6133: 'className' is declared but its value is never read.
src/design-system/components.tsx(162,3): error TS6133: 'onCountryChange' is declared but its value is never read.
src/design-system/components.tsx(418,28): error TS6133: 'e' is declared but its value is never read.
src/design-system/performance.ts(4,1): error TS6133: 'designTokens' is declared but its value is never read.
src/design-system/performance.ts(109,12): error TS2686: 'React' refers to a UMD global, but the current file is a module. Consider adding an import instead.
src/design-system/performance.ts(202,24): error TS2345: Argument of type 'string | undefined' is not assignable to parameter of type 'string'.
  Type 'undefined' is not assignable to type 'string'.
src/design-system/performance.ts(268,7): error TS2322: Type 'Timeout' is not assignable to type 'number'.
src/design-system/rtl.ts(107,33): error TS2339: Property 'fontFamily' does not exist on type '{ readonly direction: { readonly ltr: "ltr"; readonly rtl: "rtl"; }; readonly textAlign: { readonly start: "start"; readonly end: "end"; }; readonly margin: { readonly start: "margin-inline-start"; readonly end: "margin-inline-end"; }; readonly padding: { ...; }; readonly border: { ...; }; }'.
src/design-system/rtl.ts(107,63): error TS2339: Property 'fontFamily' does not exist on type '{ readonly direction: { readonly ltr: "ltr"; readonly rtl: "rtl"; }; readonly textAlign: { readonly start: "start"; readonly end: "end"; }; readonly margin: { readonly start: "margin-inline-start"; readonly end: "margin-inline-end"; }; readonly padding: { ...; }; readonly border: { ...; }; }'.
src/design-system/rtl.ts(214,29): error TS2686: 'React' refers to a UMD global, but the current file is a module. Consider adding an import instead.
src/design-system/rtl.ts(216,3): error TS2686: 'React' refers to a UMD global, but the current file is a module. Consider adding an import instead.
src/design-system/testing.ts(4,1): error TS6133: 'designTokens' is declared but its value is never read.
src/pages/analytics/Analytics.tsx(1,8): error TS6133: 'React' is declared but its value is never read.
src/pages/analytics/Analytics.tsx(4,1): error TS6133: 'motion' is declared but its value is never read.
src/pages/analytics/Analytics.tsx(12,3): error TS6133: 'Calendar' is declared but its value is never read.
src/pages/analytics/Analytics.tsx(14,3): error TS6133: 'Filter' is declared but its value is never read.
src/pages/analytics/Analytics.tsx(16,3): error TS6133: 'Eye' is declared but its value is never read.
src/pages/analytics/Analytics.tsx(17,3): error TS6133: 'Settings' is declared but its value is never read.
src/pages/analytics/Analytics.tsx(18,3): error TS6133: 'MoreVertical' is declared but its value is never read.
src/pages/analytics/Analytics.tsx(21,3): error TS6133: 'Award' is declared but its value is never read.
src/pages/analytics/Analytics.tsx(22,3): error TS6133: 'Clock' is declared but its value is never read.
src/pages/analytics/Analytics.tsx(24,3): error TS6133: 'AlertCircle' is declared but its value is never read.
src/pages/analytics/Analytics.tsx(25,3): error TS6133: 'Zap' is declared but its value is never read.
src/pages/analytics/Analytics.tsx(26,3): error TS6133: 'Star' is declared but its value is never read.
src/pages/analytics/Analytics.tsx(28,3): error TS6133: 'MessageSquare' is declared but its value is never read.
src/pages/analytics/Analytics.tsx(37,9): error TS6133: 'navigate' is declared but its value is never read.
src/pages/analytics/Analytics.tsx(39,10): error TS6133: 'isRTL' is declared but its value is never read.
src/pages/analytics/Analytics.tsx(39,17): error TS6133: 'setIsRTL' is declared but its value is never read.
src/pages/auth/AccountConfirmation.tsx(6,46): error TS6133: 'Phone' is declared but its value is never read.
src/pages/auth/AccountConfirmation.tsx(6,53): error TS6133: 'Mail' is declared but its value is never read.
src/pages/auth/AccountConfirmation.tsx(62,15): error TS2345: Argument of type '{ id: string; role: string; firstName: any; lastName: any; email: any; phone: any; isVerified: boolean; profileComplete: boolean; language: string; createdAt: Date; }' is not assignable to parameter of type 'User'.
  Types of property 'role' are incompatible.
    Type 'string' is not assignable to type '"client" | "engineer" | "enterprise" | "admin"'.
src/pages/auth/Permissions.tsx(16,9): error TS6133: 'isRTL' is declared but its value is never read.
src/pages/auth/Permissions.tsx(58,24): error TS7053: Element implicitly has an 'any' type because expression of type 'string' can't be used to index type '{ location: boolean; notifications: boolean; camera: boolean; storage: boolean; }'.
  No index signature with a parameter of type 'string' was found on type '{ location: boolean; notifications: boolean; camera: boolean; storage: boolean; }'.
src/pages/auth/ProfileSetup.tsx(7,27): error TS6133: 'Mail' is declared but its value is never read.
src/pages/auth/ProfileSetup.tsx(7,33): error TS6133: 'Calendar' is declared but its value is never read.
src/pages/auth/ProfileSetup.tsx(7,43): error TS6133: 'MapPin' is declared but its value is never read.
src/pages/chat/LiveChat.tsx(4,18): error TS6133: 'AnimatePresence' is declared but its value is never read.
src/pages/chat/LiveChat.tsx(14,3): error TS6133: 'Settings' is declared but its value is never read.
src/pages/chat/LiveChat.tsx(15,3): error TS6133: 'Users' is declared but its value is never read.
src/pages/chat/LiveChat.tsx(16,3): error TS6133: 'Globe' is declared but its value is never read.
src/pages/chat/LiveChat.tsx(18,3): error TS6133: 'Volume2' is declared but its value is never read.
src/pages/chat/LiveChat.tsx(22,12): error TS6133: 'ImageIcon' is declared but its value is never read.
src/pages/chat/LiveChat.tsx(25,3): error TS6133: 'Eye' is declared but its value is never read.
src/pages/chat/LiveChat.tsx(28,3): error TS6133: 'AlertCircle' is declared but its value is never read.
src/pages/chat/LiveChat.tsx(30,3): error TS6133: 'Flag' is declared but its value is never read.
src/pages/chat/LiveChat.tsx(31,3): error TS6133: 'UserX' is declared but its value is never read.
src/pages/chat/LiveChat.tsx(32,3): error TS6133: 'RefreshCw' is declared but its value is never read.
src/pages/chat/LiveChat.tsx(33,3): error TS6133: 'Copy' is declared but its value is never read.
src/pages/chat/LiveChat.tsx(34,3): error TS6133: 'Share' is declared but its value is never read.
src/pages/chat/LiveChat.tsx(35,3): error TS6133: 'Bookmark' is declared but its value is never read.
src/pages/chat/LiveChat.tsx(36,3): error TS6133: 'BookmarkCheck' is declared but its value is never read.
src/pages/chat/LiveChat.tsx(38,3): error TS2724: '"lucide-react"' has no exported member named 'Bolt'. Did you mean 'Bot'?
src/pages/chat/LiveChat.tsx(38,3): error TS6133: 'Bolt' is declared but its value is never read.
src/pages/chat/LiveChat.tsx(39,3): error TS6133: 'Shield' is declared but its value is never read.
src/pages/chat/LiveChat.tsx(43,9): error TS6133: 't' is declared but its value is never read.
src/pages/chat/LiveChat.tsx(48,10): error TS6133: 'isTyping' is declared but its value is never read.
src/pages/chat/LiveChat.tsx(48,20): error TS6133: 'setIsTyping' is declared but its value is never read.
src/pages/chat/LiveChat.tsx(55,20): error TS6133: 'setIsOnline' is declared but its value is never read.
src/pages/chat/LiveChat.tsx(231,9): error TS6133: 'handleFileUpload' is declared but its value is never read.
src/pages/chat/LiveChat.tsx(247,9): error TS6133: 'handleLanguageChange' is declared but its value is never read.
src/pages/chat/LiveChat.tsx(259,9): error TS6133: 'handleMuteToggle' is declared but its value is never read.
src/pages/community/CommunityForums.tsx(9,3): error TS6133: 'Filter' is declared but its value is never read.
src/pages/community/CommunityForums.tsx(16,3): error TS6133: 'ChevronRight' is declared but its value is never read.
src/pages/community/CommunityForums.tsx(21,3): error TS6133: 'Globe' is declared but its value is never read.
src/pages/community/CommunityForums.tsx(22,3): error TS6133: 'Star' is declared but its value is never read.
src/pages/community/CommunityForums.tsx(25,3): error TS6133: 'Tag' is declared but its value is never read.
src/pages/community/CommunityForums.tsx(30,9): error TS6133: 't' is declared but its value is never read.
src/pages/community/CommunityForums.tsx(136,9): error TS6133: 'formatTime' is declared but its value is never read.
src/pages/dashboard/AdminDashboard.tsx(1,1): error TS6133: 'React' is declared but its value is never read.
src/pages/dashboard/AdminDashboard.tsx(7,9): error TS6133: 'isRTL' is declared but its value is never read.
src/pages/dashboard/ClientDashboard.tsx(1,1): error TS6133: 'React' is declared but its value is never read.
src/pages/dashboard/EngineerDashboard.tsx(1,8): error TS6133: 'React' is declared but its value is never read.
src/pages/dashboard/EnterpriseDashboard.tsx(1,1): error TS6133: 'React' is declared but its value is never read.
src/pages/engineers/EngineerFiltering.tsx(10,3): error TS6133: 'Search' is declared but its value is never read.
src/pages/engineers/EngineerFiltering.tsx(11,3): error TS6133: 'Filter' is declared but its value is never read.
src/pages/engineers/EngineerFiltering.tsx(19,3): error TS6133: 'X' is declared but its value is never read.
src/pages/engineers/EngineerFiltering.tsx(97,9): error TS6133: 'budgetRanges' is declared but its value is never read.
src/pages/engineers/EngineerFiltering.tsx(104,9): error TS6133: 'responseTimes' is declared but its value is never read.
src/pages/engineers/EngineerFiltering.tsx(477,31): error TS2322: Type '{ slug: string; label: string; }' is not assignable to type 'Key | null | undefined'.
src/pages/engineers/EngineerFiltering.tsx(477,43): error TS2322: Type '{ slug: string; label: string; }' is not assignable to type 'string | number | readonly string[] | undefined'.
src/pages/engineers/EngineerFiltering.tsx(478,25): error TS2322: Type '{ slug: string; label: string; }' is not assignable to type 'ReactI18NextChildren | Iterable<ReactI18NextChildren>'.
src/pages/engineers/EngineerFiltering.tsx(496,31): error TS2322: Type '{ slug: string; label: string; }' is not assignable to type 'Key | null | undefined'.
src/pages/engineers/EngineerFiltering.tsx(496,56): error TS2339: Property 'split' does not exist on type '{ slug: string; label: string; }'.
src/pages/engineers/EngineerFiltering.tsx(497,25): error TS2322: Type '{ slug: string; label: string; }' is not assignable to type 'ReactI18NextChildren | Iterable<ReactI18NextChildren>'.
src/pages/engineers/EngineerFiltering.tsx(515,31): error TS2322: Type '{ slug: string; label: string; }' is not assignable to type 'Key | null | undefined'.
src/pages/engineers/EngineerFiltering.tsx(515,44): error TS2322: Type '{ slug: string; label: string; }' is not assignable to type 'string | number | readonly string[] | undefined'.
src/pages/engineers/EngineerFiltering.tsx(516,25): error TS2322: Type '{ slug: string; label: string; }' is not assignable to type 'ReactI18NextChildren | Iterable<ReactI18NextChildren>'.
src/pages/engineers/EngineerFiltering.tsx(530,25): error TS2322: Type '{ slug: string; label: string; }' is not assignable to type 'Key | null | undefined'.
src/pages/engineers/EngineerFiltering.tsx(531,69): error TS2345: Argument of type '{ slug: string; label: string; }' is not assignable to parameter of type 'string'.
src/pages/engineers/EngineerFiltering.tsx(533,51): error TS2345: Argument of type '{ slug: string; label: string; }' is not assignable to parameter of type 'string'.
src/pages/engineers/EngineerFiltering.tsx(538,25): error TS2322: Type '{ slug: string; label: string; }' is not assignable to type 'ReactI18NextChildren | Iterable<ReactI18NextChildren>'.
src/pages/engineers/EngineerFiltering.tsx(552,25): error TS2322: Type '{ slug: string; label: string; }' is not assignable to type 'Key | null | undefined'.
src/pages/engineers/EngineerFiltering.tsx(553,77): error TS2345: Argument of type '{ slug: string; label: string; }' is not assignable to parameter of type 'string'.
src/pages/engineers/EngineerFiltering.tsx(555,59): error TS2345: Argument of type '{ slug: string; label: string; }' is not assignable to parameter of type 'string'.
src/pages/engineers/EngineerFiltering.tsx(560,25): error TS2322: Type '{ slug: string; label: string; }' is not assignable to type 'ReactI18NextChildren | Iterable<ReactI18NextChildren>'.
src/pages/engineers/EngineerFiltering.tsx(574,25): error TS2322: Type '{ slug: string; label: string; }' is not assignable to type 'Key | null | undefined'.
src/pages/engineers/EngineerFiltering.tsx(575,72): error TS2345: Argument of type '{ slug: string; label: string; }' is not assignable to parameter of type 'string'.
src/pages/engineers/EngineerFiltering.tsx(577,54): error TS2345: Argument of type '{ slug: string; label: string; }' is not assignable to parameter of type 'string'.
src/pages/engineers/EngineerFiltering.tsx(582,25): error TS2322: Type '{ slug: string; label: string; }' is not assignable to type 'ReactI18NextChildren | Iterable<ReactI18NextChildren>'.
src/pages/engineers/PortfolioViewer.tsx(11,3): error TS6133: 'DollarSign' is declared but its value is never read.
src/pages/engineers/PortfolioViewer.tsx(12,3): error TS6133: 'Users' is declared but its value is never read.
src/pages/engineers/PortfolioViewer.tsx(22,3): error TS6133: 'Play' is declared but its value is never read.
src/pages/engineers/PortfolioViewer.tsx(27,9): error TS6133: 't' is declared but its value is never read.
src/pages/engineers/PortfolioViewer.tsx(30,10): error TS6133: 'selectedProject' is declared but its value is never read.
src/pages/engineers/PortfolioViewer.tsx(182,54): error TS6133: 'image' is declared but its value is never read.
src/pages/feedback/FeedbackRating.tsx(10,3): error TS6133: 'ThumbsDown' is declared but its value is never read.
src/pages/feedback/FeedbackRating.tsx(11,3): error TS6133: 'MessageCircle' is declared but its value is never read.
src/pages/feedback/FeedbackRating.tsx(16,3): error TS6133: 'AlertCircle' is declared but its value is never read.
src/pages/feedback/FeedbackRating.tsx(19,3): error TS6133: 'MoreVertical' is declared but its value is never read.
src/pages/feedback/FeedbackRating.tsx(20,3): error TS6133: 'Edit' is declared but its value is never read.
src/pages/feedback/FeedbackRating.tsx(21,3): error TS6133: 'Trash2' is declared but its value is never read.
src/pages/feedback/FeedbackRating.tsx(24,3): error TS6133: 'Heart' is declared but its value is never read.
src/pages/feedback/FeedbackRating.tsx(25,3): error TS6133: 'Award' is declared but its value is never read.
src/pages/feedback/FeedbackRating.tsx(26,3): error TS6133: 'TrendingUp' is declared but its value is never read.
src/pages/feedback/FeedbackRating.tsx(27,3): error TS6133: 'BarChart3' is declared but its value is never read.
src/pages/feedback/FeedbackRating.tsx(28,3): error TS6133: 'Calendar' is declared but its value is never read.
src/pages/feedback/FeedbackRating.tsx(31,3): error TS6133: 'ChevronDown' is declared but its value is never read.
src/pages/feedback/FeedbackRating.tsx(32,3): error TS6133: 'ChevronUp' is declared but its value is never read.
src/pages/feedback/FeedbackRating.tsx(36,9): error TS6133: 't' is declared but its value is never read.
src/pages/files/FileManager.tsx(4,18): error TS6133: 'AnimatePresence' is declared but its value is never read.
src/pages/files/FileManager.tsx(9,3): error TS6133: 'Filter' is declared but its value is never read.
src/pages/files/FileManager.tsx(13,3): error TS6133: 'Edit' is declared but its value is never read.
src/pages/files/FileManager.tsx(15,3): error TS6133: 'Share' is declared but its value is never read.
src/pages/files/FileManager.tsx(21,12): error TS6133: 'ImageIcon' is declared but its value is never read.
src/pages/files/FileManager.tsx(23,3): error TS6133: 'Music' is declared but its value is never read.
src/pages/files/FileManager.tsx(30,3): error TS6133: 'RefreshCw' is declared but its value is never read.
src/pages/files/FileManager.tsx(31,3): error TS6133: 'Plus' is declared but its value is never read.
src/pages/files/FileManager.tsx(34,3): error TS6133: 'Unlock' is declared but its value is never read.
src/pages/files/FileManager.tsx(36,3): error TS6133: 'Clock' is declared but its value is never read.
src/pages/files/FileManager.tsx(37,3): error TS6133: 'AlertCircle' is declared but its value is never read.
src/pages/files/FileManager.tsx(38,3): error TS6133: 'Users' is declared but its value is never read.
src/pages/files/FileManager.tsx(39,3): error TS6133: 'Calendar' is declared but its value is never read.
src/pages/files/FileManager.tsx(40,3): error TS6133: 'Tag' is declared but its value is never read.
src/pages/files/FileManager.tsx(42,3): error TS6133: 'FilePlus' is declared but its value is never read.
src/pages/files/FileManager.tsx(47,9): error TS6133: 'navigate' is declared but its value is never read.
src/pages/files/FileManager.tsx(54,10): error TS6133: 'currentFolder' is declared but its value is never read.
src/pages/files/FileManager.tsx(55,10): error TS6133: 'showUpload' is declared but its value is never read.
src/pages/files/FileManager.tsx(56,10): error TS6133: 'showCreateFolder' is declared but its value is never read.
src/pages/files/FileManager.tsx(238,32): error TS2339: Property 'tags' does not exist on type '{ id: string; name: string; type: string; size: string; modified: string; created: string; owner: string; permissions: string; isStarred: boolean; isLocked: boolean; children: number; path: string; } | { ...; }'.
  Property 'tags' does not exist on type '{ id: string; name: string; type: string; size: string; modified: string; created: string; owner: string; permissions: string; isStarred: boolean; isLocked: boolean; children: number; path: string; }'.
src/pages/files/FileManager.tsx(238,45): error TS2339: Property 'tags' does not exist on type '{ id: string; name: string; type: string; size: string; modified: string; created: string; owner: string; permissions: string; isStarred: boolean; isLocked: boolean; children: number; path: string; } | { ...; }'.
  Property 'tags' does not exist on type '{ id: string; name: string; type: string; size: string; modified: string; created: string; owner: string; permissions: string; isStarred: boolean; isLocked: boolean; children: number; path: string; }'.
src/pages/files/FileManager.tsx(238,55): error TS7006: Parameter 'tag' implicitly has an 'any' type.
src/pages/files/FileManager.tsx(242,81): error TS2339: Property 'fileType' does not exist on type '{ id: string; name: string; type: string; size: string; modified: string; created: string; owner: string; permissions: string; isStarred: boolean; isLocked: boolean; children: number; path: string; } | { ...; }'.
  Property 'fileType' does not exist on type '{ id: string; name: string; type: string; size: string; modified: string; created: string; owner: string; permissions: string; isStarred: boolean; isLocked: boolean; children: number; path: string; }'.
src/pages/files/FileManager.tsx(264,53): error TS2339: Property 'fileType' does not exist on type '{ id: string; name: string; type: string; size: string; modified: string; created: string; owner: string; permissions: string; isStarred: boolean; isLocked: boolean; children: number; path: string; } | { ...; }'.
  Property 'fileType' does not exist on type '{ id: string; name: string; type: string; size: string; modified: string; created: string; owner: string; permissions: string; isStarred: boolean; isLocked: boolean; children: number; path: string; }'.
src/pages/files/FileManager.tsx(265,53): error TS2339: Property 'fileType' does not exist on type '{ id: string; name: string; type: string; size: string; modified: string; created: string; owner: string; permissions: string; isStarred: boolean; isLocked: boolean; children: number; path: string; } | { ...; }'.
  Property 'fileType' does not exist on type '{ id: string; name: string; type: string; size: string; modified: string; created: string; owner: string; permissions: string; isStarred: boolean; isLocked: boolean; children: number; path: string; }'.
src/pages/files/FileManager.tsx(311,9): error TS6133: 'handleFolderClick' is declared but its value is never read.
src/pages/files/FileManager.tsx(338,9): error TS6133: 'getFileTypeColor' is declared but its value is never read.
src/pages/files/FileManager.tsx(357,9): error TS6133: 'formatFileSize' is declared but its value is never read.
src/pages/files/FileManager.tsx(592,71): error TS2339: Property 'fileType' does not exist on type '{ id: string; name: string; type: string; size: string; modified: string; created: string; owner: string; permissions: string; isStarred: boolean; isLocked: boolean; children: number; path: string; } | { ...; }'.
  Property 'fileType' does not exist on type '{ id: string; name: string; type: string; size: string; modified: string; created: string; owner: string; permissions: string; isStarred: boolean; isLocked: boolean; children: number; path: string; }'.
src/pages/files/FileManager.tsx(633,53): error TS2339: Property 'version' does not exist on type '{ id: string; name: string; type: string; size: string; modified: string; created: string; owner: string; permissions: string; isStarred: boolean; isLocked: boolean; children: number; path: string; } | { ...; }'.
  Property 'version' does not exist on type '{ id: string; name: string; type: string; size: string; modified: string; created: string; owner: string; permissions: string; isStarred: boolean; isLocked: boolean; children: number; path: string; }'.
src/pages/files/FileManager.tsx(636,39): error TS2339: Property 'version' does not exist on type '{ id: string; name: string; type: string; size: string; modified: string; created: string; owner: string; permissions: string; isStarred: boolean; isLocked: boolean; children: number; path: string; } | { ...; }'.
  Property 'version' does not exist on type '{ id: string; name: string; type: string; size: string; modified: string; created: string; owner: string; permissions: string; isStarred: boolean; isLocked: boolean; children: number; path: string; }'.
src/pages/files/FileManager.tsx(642,27): error TS2339: Property 'tags' does not exist on type '{ id: string; name: string; type: string; size: string; modified: string; created: string; owner: string; permissions: string; isStarred: boolean; isLocked: boolean; children: number; path: string; } | { ...; }'.
  Property 'tags' does not exist on type '{ id: string; name: string; type: string; size: string; modified: string; created: string; owner: string; permissions: string; isStarred: boolean; isLocked: boolean; children: number; path: string; }'.
src/pages/files/FileManager.tsx(642,40): error TS2339: Property 'tags' does not exist on type '{ id: string; name: string; type: string; size: string; modified: string; created: string; owner: string; permissions: string; isStarred: boolean; isLocked: boolean; children: number; path: string; } | { ...; }'.
  Property 'tags' does not exist on type '{ id: string; name: string; type: string; size: string; modified: string; created: string; owner: string; permissions: string; isStarred: boolean; isLocked: boolean; children: number; path: string; }'.
src/pages/files/FileManager.tsx(644,31): error TS2339: Property 'tags' does not exist on type '{ id: string; name: string; type: string; size: string; modified: string; created: string; owner: string; permissions: string; isStarred: boolean; isLocked: boolean; children: number; path: string; } | { ...; }'.
  Property 'tags' does not exist on type '{ id: string; name: string; type: string; size: string; modified: string; created: string; owner: string; permissions: string; isStarred: boolean; isLocked: boolean; children: number; path: string; }'.
src/pages/files/FileManager.tsx(644,53): error TS7006: Parameter 'tag' implicitly has an 'any' type.
src/pages/files/FileManager.tsx(644,58): error TS7006: Parameter 'idx' implicitly has an 'any' type.
src/pages/files/FileManager.tsx(652,31): error TS2339: Property 'tags' does not exist on type '{ id: string; name: string; type: string; size: string; modified: string; created: string; owner: string; permissions: string; isStarred: boolean; isLocked: boolean; children: number; path: string; } | { ...; }'.
  Property 'tags' does not exist on type '{ id: string; name: string; type: string; size: string; modified: string; created: string; owner: string; permissions: string; isStarred: boolean; isLocked: boolean; children: number; path: string; }'.
src/pages/files/FileManager.tsx(654,36): error TS2339: Property 'tags' does not exist on type '{ id: string; name: string; type: string; size: string; modified: string; created: string; owner: string; permissions: string; isStarred: boolean; isLocked: boolean; children: number; path: string; } | { ...; }'.
  Property 'tags' does not exist on type '{ id: string; name: string; type: string; size: string; modified: string; created: string; owner: string; permissions: string; isStarred: boolean; isLocked: boolean; children: number; path: string; }'.
src/pages/files/FileManager.tsx(720,87): error TS2339: Property 'fileType' does not exist on type '{ id: string; name: string; type: string; size: string; modified: string; created: string; owner: string; permissions: string; isStarred: boolean; isLocked: boolean; children: number; path: string; } | { ...; }'.
  Property 'fileType' does not exist on type '{ id: string; name: string; type: string; size: string; modified: string; created: string; owner: string; permissions: string; isStarred: boolean; isLocked: boolean; children: number; path: string; }'.
src/pages/forum/DiscussionForum.tsx(4,18): error TS6133: 'AnimatePresence' is declared but its value is never read.
src/pages/forum/DiscussionForum.tsx(9,3): error TS6133: 'Filter' is declared but its value is never read.
src/pages/forum/DiscussionForum.tsx(15,3): error TS6133: 'Flag' is declared but its value is never read.
src/pages/forum/DiscussionForum.tsx(18,3): error TS6133: 'Unlock' is declared but its value is never read.
src/pages/forum/DiscussionForum.tsx(22,3): error TS6133: 'User' is declared but its value is never read.
src/pages/forum/DiscussionForum.tsx(23,3): error TS6133: 'Tag' is declared but its value is never read.
src/pages/forum/DiscussionForum.tsx(24,3): error TS6133: 'Star' is declared but its value is never read.
src/pages/forum/DiscussionForum.tsx(26,3): error TS6133: 'AlertCircle' is declared but its value is never read.
src/pages/forum/DiscussionForum.tsx(27,3): error TS6133: 'Edit' is declared but its value is never read.
src/pages/forum/DiscussionForum.tsx(28,3): error TS6133: 'Trash2' is declared but its value is never read.
src/pages/forum/DiscussionForum.tsx(32,3): error TS6133: 'SortAsc' is declared but its value is never read.
src/pages/forum/DiscussionForum.tsx(33,3): error TS6133: 'SortDesc' is declared but its value is never read.
src/pages/forum/DiscussionForum.tsx(34,3): error TS6133: 'RefreshCw' is declared but its value is never read.
src/pages/forum/DiscussionForum.tsx(36,3): error TS6133: 'TrendingDown' is declared but its value is never read.
src/pages/forum/DiscussionForum.tsx(40,9): error TS6133: 't' is declared but its value is never read.
src/pages/forum/DiscussionForum.tsx(45,10): error TS6133: 'showNewPost' is declared but its value is never read.
src/pages/forum/DiscussionForum.tsx(503,24): error TS2304: Cannot find name 'FileText'.
src/pages/forum/DiscussionForum.tsx(621,34): error TS2304: Cannot find name 'FileText'.
src/pages/forum/DiscussionForum.tsx(636,34): error TS2552: Cannot find name 'Download'. Did you mean 'onload'?
src/pages/jobs/AdvancedJobBuilder.tsx(12,3): error TS6133: 'Clock' is declared but its value is never read.
src/pages/jobs/AdvancedJobBuilder.tsx(15,3): error TS6133: 'Calendar' is declared but its value is never read.
src/pages/jobs/AdvancedJobBuilder.tsx(24,9): error TS6133: 't' is declared but its value is never read.
src/pages/jobs/AdvancedJobBuilder.tsx(353,54): error TS6133: 'index' is declared but its value is never read.
src/pages/jobs/AIMatches.tsx(11,3): error TS6133: 'Users' is declared but its value is never read.
src/pages/jobs/AIMatches.tsx(14,3): error TS6133: 'Filter' is declared but its value is never read.
src/pages/jobs/AIMatches.tsx(16,3): error TS6133: 'Grid3X3' is declared but its value is never read.
src/pages/jobs/AIMatches.tsx(17,3): error TS6133: 'List' is declared but its value is never read.
src/pages/jobs/EmergencyJobRequest.tsx(10,3): error TS6133: 'MapPin' is declared but its value is never read.
src/pages/jobs/EmergencyJobRequest.tsx(12,3): error TS6133: 'MessageCircle' is declared but its value is never read.
src/pages/jobs/EmergencyJobRequest.tsx(13,3): error TS6133: 'Users' is declared but its value is never read.
src/pages/jobs/EmergencyJobRequest.tsx(14,3): error TS6133: 'DollarSign' is declared but its value is never read.
src/pages/jobs/EmergencyJobRequest.tsx(18,3): error TS6133: 'Send' is declared but its value is never read.
src/pages/jobs/EmergencyJobRequest.tsx(20,3): error TS6133: 'X' is declared but its value is never read.
src/pages/jobs/EmergencyJobRequest.tsx(21,3): error TS6133: 'Zap' is declared but its value is never read.
src/pages/jobs/EmergencyJobRequest.tsx(23,3): error TS6133: 'Star' is declared but its value is never read.
src/pages/jobs/EmergencyJobRequest.tsx(129,9): error TS6133: 'budgetRanges' is declared but its value is never read.
src/pages/jobs/EmergencyJobRequest.tsx(138,9): error TS6133: 'timelineOptions' is declared but its value is never read.
src/pages/jobs/EmergencyJobRequest.tsx(379,29): error TS2322: Type '{ key: string; value: string; }' is not assignable to type 'Key | null | undefined'.
src/pages/jobs/EmergencyJobRequest.tsx(379,40): error TS2322: Type '{ key: string; value: string; }' is not assignable to type 'string | number | readonly string[] | undefined'.
src/pages/jobs/EmergencyJobRequest.tsx(380,23): error TS2322: Type '{ key: string; value: string; }' is not assignable to type 'ReactI18NextChildren | Iterable<ReactI18NextChildren>'.
  Type '{ key: string; value: string; }' is missing the following properties from type 'ReactPortal': children, type, props
src/pages/jobs/EmergencyJobRequest.tsx(431,21): error TS2322: Type '{ key: string; value: string; }' is not assignable to type 'Key | null | undefined'.
src/pages/jobs/EmergencyJobRequest.tsx(432,54): error TS2345: Argument of type '{ key: string; value: string; }' is not assignable to parameter of type 'string'.
src/pages/jobs/EmergencyJobRequest.tsx(434,48): error TS2345: Argument of type '{ key: string; value: string; }' is not assignable to parameter of type 'string'.
src/pages/jobs/EmergencyJobRequest.tsx(439,21): error TS2322: Type '{ key: string; value: string; }' is not assignable to type 'ReactI18NextChildren | Iterable<ReactI18NextChildren>'.
  Type '{ key: string; value: string; }' is missing the following properties from type 'ReactPortal': children, type, props
src/pages/jobs/EmergencyJobRequest.tsx(744,29): error TS2339: Property 'title' does not exist on type '{ id: number; key: string; icon: LucideIcon; }'.
src/pages/jobs/GeofencedCheckIn.tsx(17,9): error TS6133: 't' is declared but its value is never read.
src/pages/jobs/JobArchive.tsx(9,3): error TS6133: 'Filter' is declared but its value is never read.
src/pages/jobs/JobArchive.tsx(12,3): error TS6133: 'DollarSign' is declared but its value is never read.
src/pages/jobs/JobArchive.tsx(22,3): error TS6133: 'ChevronDown' is declared but its value is never read.
src/pages/jobs/JobArchive.tsx(30,9): error TS6133: 't' is declared but its value is never read.
src/pages/jobs/JobRequestWizard.tsx(9,3): error TS6133: 'Calendar' is declared but its value is never read.
src/pages/jobs/JobRequestWizard.tsx(12,3): error TS6133: 'Clock' is declared but its value is never read.
src/pages/jobs/JobRequestWizard.tsx(13,3): error TS6133: 'Users' is declared but its value is never read.
src/pages/jobs/JobRequestWizard.tsx(17,9): error TS6133: 't' is declared but its value is never read.
src/pages/jobs/Jobs.tsx(1,8): error TS6133: 'React' is declared but its value is never read.
src/pages/jobs/Jobs.tsx(21,3): error TS6133: 'TrendingUp' is declared but its value is never read.
src/pages/jobs/Jobs.tsx(22,3): error TS6133: 'Calendar' is declared but its value is never read.
src/pages/jobs/Jobs.tsx(27,3): error TS6133: 'Award' is declared but its value is never read.
src/pages/jobs/Jobs.tsx(32,9): error TS6133: 'navigate' is declared but its value is never read.
src/pages/jobs/Jobs.tsx(36,10): error TS6133: 'selectedCategory' is declared but its value is never read.
src/pages/jobs/Jobs.tsx(36,28): error TS6133: 'setSelectedCategory' is declared but its value is never read.
src/pages/jobs/JobStatusTracking.tsx(10,3): error TS6133: 'AlertCircle' is declared but its value is never read.
src/pages/jobs/JobStatusTracking.tsx(14,3): error TS6133: 'Users' is declared but its value is never read.
src/pages/jobs/JobStatusTracking.tsx(20,3): error TS6133: 'Edit' is declared but its value is never read.
src/pages/jobs/JobStatusTracking.tsx(21,3): error TS6133: 'MoreVertical' is declared but its value is never read.
src/pages/jobs/JobStatusTracking.tsx(22,3): error TS6133: 'TrendingUp' is declared but its value is never read.
src/pages/jobs/JobStatusTracking.tsx(23,3): error TS6133: 'TrendingDown' is declared but its value is never read.
src/pages/jobs/JobStatusTracking.tsx(25,3): error TS6133: 'Grid3X3' is declared but its value is never read.
src/pages/jobs/JobStatusTracking.tsx(26,3): error TS6133: 'List' is declared but its value is never read.
src/pages/jobs/JobStatusTracking.tsx(354,11): error TS2345: Argument of type '[`jobs.statusTracking.jobTitles.${string}`, string | undefined]' is not assignable to parameter of type '[key: string | string[], options: TOptionsBase & $Dictionary & { defaultValue: string; }] | [key: string | string[], defaultValue: string, options?: (TOptionsBase & $Dictionary) | undefined] | [key: ...]'.
  Type '[`jobs.statusTracking.jobTitles.${string}`, string | undefined]' is not assignable to type '[key: `jobs.statusTracking.jobTitles.${string}` | `jobs.statusTracking.jobTitles.${string}`[], options?: (TOptionsBase & $Dictionary) | undefined]'.
    Type at position 1 in source is not compatible with type at position 1 in target.
      Type 'string | undefined' is not assignable to type '(TOptionsBase & $Dictionary) | undefined'.
        Type 'string' is not assignable to type 'TOptionsBase & $Dictionary'.
          Type 'string' is not assignable to type '$Dictionary'.
src/pages/jobs/JobStatusTracking.tsx(355,11): error TS2345: Argument of type '[`jobs.statusTracking.clients.${string}`, string | undefined]' is not assignable to parameter of type '[key: string | string[], options: TOptionsBase & $Dictionary & { defaultValue: string; }] | [key: string | string[], defaultValue: string, options?: (TOptionsBase & $Dictionary) | undefined] | [key: ...]'.
  Type '[`jobs.statusTracking.clients.${string}`, string | undefined]' is not assignable to type '[key: `jobs.statusTracking.clients.${string}` | `jobs.statusTracking.clients.${string}`[], options?: (TOptionsBase & $Dictionary) | undefined]'.
    Type at position 1 in source is not compatible with type at position 1 in target.
      Type 'string | undefined' is not assignable to type '(TOptionsBase & $Dictionary) | undefined'.
        Type 'string' is not assignable to type 'TOptionsBase & $Dictionary'.
          Type 'string' is not assignable to type '$Dictionary'.
src/pages/jobs/JobStatusTracking.tsx(357,11): error TS2345: Argument of type '[`jobs.statusTracking.locations.${string}`, string | undefined]' is not assignable to parameter of type '[key: string | string[], options: TOptionsBase & $Dictionary & { defaultValue: string; }] | [key: string | string[], defaultValue: string, options?: (TOptionsBase & $Dictionary) | undefined] | [key: ...]'.
  Type '[`jobs.statusTracking.locations.${string}`, string | undefined]' is not assignable to type '[key: `jobs.statusTracking.locations.${string}` | `jobs.statusTracking.locations.${string}`[], options?: (TOptionsBase & $Dictionary) | undefined]'.
    Type at position 1 in source is not compatible with type at position 1 in target.
      Type 'string | undefined' is not assignable to type '(TOptionsBase & $Dictionary) | undefined'.
        Type 'string' is not assignable to type 'TOptionsBase & $Dictionary'.
          Type 'string' is not assignable to type '$Dictionary'.
src/pages/jobs/JobStatusTracking.tsx(413,9): error TS6133: 'handleMilestoneUpdate' is declared but its value is never read.
src/pages/jobs/JobStatusTracking.tsx(465,28): error TS2345: Argument of type '[`jobs.statusTracking.jobTitles.${string}`, string | undefined]' is not assignable to parameter of type '[key: string | string[], options: TOptionsBase & $Dictionary & { defaultValue: string; }] | [key: string | string[], defaultValue: string, options?: (TOptionsBase & $Dictionary) | undefined] | [key: ...]'.
  Type '[`jobs.statusTracking.jobTitles.${string}`, string | undefined]' is not assignable to type '[key: `jobs.statusTracking.jobTitles.${string}` | `jobs.statusTracking.jobTitles.${string}`[], options?: (TOptionsBase & $Dictionary) | undefined]'.
    Type at position 1 in source is not compatible with type at position 1 in target.
      Type 'string | undefined' is not assignable to type '(TOptionsBase & $Dictionary) | undefined'.
        Type 'string' is not assignable to type 'TOptionsBase & $Dictionary'.
          Type 'string' is not assignable to type '$Dictionary'.
src/pages/jobs/JobStatusTracking.tsx(476,70): error TS2345: Argument of type '[`jobs:clients.${string}`, string | undefined]' is not assignable to parameter of type '[key: string | string[], options: TOptionsBase & $Dictionary & { defaultValue: string; }] | [key: string | string[], defaultValue: string, options?: (TOptionsBase & $Dictionary) | undefined] | [key: ...]'.
  Type '[`jobs:clients.${string}`, string | undefined]' is not assignable to type '[key: `jobs:clients.${string}` | `jobs:clients.${string}`[], options?: (TOptionsBase & $Dictionary) | undefined]'.
    Type at position 1 in source is not compatible with type at position 1 in target.
      Type 'string | undefined' is not assignable to type '(TOptionsBase & $Dictionary) | undefined'.
        Type 'string' is not assignable to type 'TOptionsBase & $Dictionary'.
          Type 'string' is not assignable to type '$Dictionary'.
src/pages/jobs/JobStatusTracking.tsx(478,74): error TS2345: Argument of type '[`jobs:locations.${string}`, string | undefined]' is not assignable to parameter of type '[key: string | string[], options: TOptionsBase & $Dictionary & { defaultValue: string; }] | [key: string | string[], defaultValue: string, options?: (TOptionsBase & $Dictionary) | undefined] | [key: ...]'.
  Type '[`jobs:locations.${string}`, string | undefined]' is not assignable to type '[key: `jobs:locations.${string}` | `jobs:locations.${string}`[], options?: (TOptionsBase & $Dictionary) | undefined]'.
    Type at position 1 in source is not compatible with type at position 1 in target.
      Type 'string | undefined' is not assignable to type '(TOptionsBase & $Dictionary) | undefined'.
        Type 'string' is not assignable to type 'TOptionsBase & $Dictionary'.
          Type 'string' is not assignable to type '$Dictionary'.
src/pages/jobs/JobStatusTracking.tsx(483,28): error TS2345: Argument of type '[`jobs:descriptions.${string}`, string | undefined]' is not assignable to parameter of type '[key: string | string[], options: TOptionsBase & $Dictionary & { defaultValue: string; }] | [key: string | string[], defaultValue: string, options?: (TOptionsBase & $Dictionary) | undefined] | [key: ...]'.
  Type '[`jobs:descriptions.${string}`, string | undefined]' is not assignable to type '[key: `jobs:descriptions.${string}` | `jobs:descriptions.${string}`[], options?: (TOptionsBase & $Dictionary) | undefined]'.
    Type at position 1 in source is not compatible with type at position 1 in target.
      Type 'string | undefined' is not assignable to type '(TOptionsBase & $Dictionary) | undefined'.
        Type 'string' is not assignable to type 'TOptionsBase & $Dictionary'.
          Type 'string' is not assignable to type '$Dictionary'.
src/pages/jobs/JobStatusTracking.tsx(553,57): error TS6133: 'idx' is declared but its value is never read.
src/pages/jobs/JobStatusTracking.tsx(571,72): error TS2339: Property 'titleKey' does not exist on type '{ id: string; titleKey: string; status: string; dueDate: string; completedDate: string; descriptionKey: string; } | { id: string; titleKey: string; status: string; dueDate: string; completedDate: null; descriptionKey: string; } | { ...; } | { ...; }'.
  Property 'titleKey' does not exist on type '{ id: string; title: string; status: string; dueDate: string; completedDate: string; description: string; }'.
src/pages/jobs/JobStatusTracking.tsx(571,94): error TS2339: Property 'titleKey' does not exist on type '{ id: string; titleKey: string; status: string; dueDate: string; completedDate: string; descriptionKey: string; } | { id: string; titleKey: string; status: string; dueDate: string; completedDate: null; descriptionKey: string; } | { ...; } | { ...; }'.
  Property 'titleKey' does not exist on type '{ id: string; title: string; status: string; dueDate: string; completedDate: string; description: string; }'.
src/pages/jobs/JobStatusTracking.tsx(579,76): error TS2339: Property 'descriptionKey' does not exist on type '{ id: string; titleKey: string; status: string; dueDate: string; completedDate: string; descriptionKey: string; } | { id: string; titleKey: string; status: string; dueDate: string; completedDate: null; descriptionKey: string; } | { ...; } | { ...; }'.
  Property 'descriptionKey' does not exist on type '{ id: string; title: string; status: string; dueDate: string; completedDate: string; description: string; }'.
src/pages/jobs/JobStatusTracking.tsx(579,104): error TS2339: Property 'descriptionKey' does not exist on type '{ id: string; titleKey: string; status: string; dueDate: string; completedDate: string; descriptionKey: string; } | { id: string; titleKey: string; status: string; dueDate: string; completedDate: null; descriptionKey: string; } | { ...; } | { ...; }'.
  Property 'descriptionKey' does not exist on type '{ id: string; title: string; status: string; dueDate: string; completedDate: string; description: string; }'.
src/pages/jobs/JobStatusTracking.tsx(614,63): error TS2339: Property 'roleKey' does not exist on type '{ id: string; name: string; roleKey: string; status: string; avatar: string; } | { id: string; name: string; role: string; status: string; avatar: string; }'.
  Property 'roleKey' does not exist on type '{ id: string; name: string; role: string; status: string; avatar: string; }'.
src/pages/jobs/JobStatusTracking.tsx(614,81): error TS2339: Property 'roleKey' does not exist on type '{ id: string; name: string; roleKey: string; status: string; avatar: string; } | { id: string; name: string; role: string; status: string; avatar: string; }'.
  Property 'roleKey' does not exist on type '{ id: string; name: string; role: string; status: string; avatar: string; }'.
src/pages/jobs/JobStatusTracking.tsx(637,78): error TS2339: Property 'titleKey' does not exist on type '{ id: string; titleKey: string; status: string; uploadedAt: string; size: string; type: string; } | { id: string; titleKey: string; status: string; uploadedAt: null; size: null; type: string; } | { id: string; ... 4 more ...; type: string; }'.
  Property 'titleKey' does not exist on type '{ id: string; title: string; status: string; uploadedAt: string; size: string; type: string; }'.
src/pages/jobs/JobStatusTracking.tsx(637,102): error TS2339: Property 'titleKey' does not exist on type '{ id: string; titleKey: string; status: string; uploadedAt: string; size: string; type: string; } | { id: string; titleKey: string; status: string; uploadedAt: null; size: null; type: string; } | { id: string; ... 4 more ...; type: string; }'.
  Property 'titleKey' does not exist on type '{ id: string; title: string; status: string; uploadedAt: string; size: string; type: string; }'.
src/pages/jobs/JobTemplatesLibrary.tsx(9,3): error TS6133: 'Filter' is declared but its value is never read.
src/pages/jobs/JobTemplatesLibrary.tsx(23,9): error TS6133: 't' is declared but its value is never read.
src/pages/jobs/JobTimeline.tsx(19,9): error TS6133: 't' is declared but its value is never read.
src/pages/jobs/JobTimeline.tsx(20,10): error TS6133: 'isLoading' is declared but its value is never read.
src/pages/jobs/QuickJobPost.tsx(9,3): error TS6133: 'DollarSign' is declared but its value is never read.
src/pages/jobs/QuickJobPost.tsx(13,3): error TS6133: 'Calendar' is declared but its value is never read.
src/pages/jobs/QuoteComparison.tsx(9,3): error TS6133: 'X' is declared but its value is never read.
src/pages/jobs/QuoteComparison.tsx(17,3): error TS6133: 'Download' is declared but its value is never read.
src/pages/jobs/QuoteComparison.tsx(19,3): error TS6133: 'Heart' is declared but its value is never read.
src/pages/jobs/QuoteComparison.tsx(20,3): error TS6133: 'AlertCircle' is declared but its value is never read.
src/pages/jobs/QuoteComparison.tsx(26,9): error TS6133: 't' is declared but its value is never read.
src/pages/jobs/QuoteComparison.tsx(227,34): error TS6133: 'engineerId' is declared but its value is never read.
src/pages/jobs/QuoteComparison.tsx(238,9): error TS6133: 'getTimelineColor' is declared but its value is never read.
src/pages/messaging/MessagingHub.tsx(4,18): error TS6133: 'AnimatePresence' is declared but its value is never read.
src/pages/messaging/MessagingHub.tsx(9,3): error TS6133: 'Filter' is declared but its value is never read.
src/pages/messaging/MessagingHub.tsx(10,3): error TS6133: 'Plus' is declared but its value is never read.
src/pages/messaging/MessagingHub.tsx(11,3): error TS6133: 'MoreVertical' is declared but its value is never read.
src/pages/messaging/MessagingHub.tsx(19,3): error TS6133: 'Archive' is declared but its value is never read.
src/pages/messaging/MessagingHub.tsx(20,3): error TS6133: 'Trash2' is declared but its value is never read.
src/pages/messaging/MessagingHub.tsx(23,12): error TS6133: 'ImageIcon' is declared but its value is never read.
src/pages/messaging/MessagingHub.tsx(26,3): error TS6133: 'Eye' is declared but its value is never read.
src/pages/messaging/MessagingHub.tsx(27,3): error TS6133: 'Reply' is declared but its value is never read.
src/pages/messaging/MessagingHub.tsx(28,3): error TS6133: 'Forward' is declared but its value is never read.
src/pages/messaging/MessagingHub.tsx(29,3): error TS6133: 'Copy' is declared but its value is never read.
src/pages/messaging/MessagingHub.tsx(30,3): error TS6133: 'Flag' is declared but its value is never read.
src/pages/messaging/MessagingHub.tsx(32,3): error TS6133: 'UserX' is declared but its value is never read.
src/pages/messaging/MessagingHub.tsx(42,10): error TS6133: 'isTyping' is declared but its value is never read.
src/pages/messaging/MessagingHub.tsx(42,20): error TS6133: 'setIsTyping' is declared but its value is never read.
src/pages/messaging/MessagingHub.tsx(214,9): error TS6133: 'handleFileUpload' is declared but its value is never read.
src/pages/messaging/MessagingHub.tsx(452,130): error TS2339: Property 'content' does not exist on type '{ id: string; senderId: string; senderName: string; contentKey: string; timestamp: string; type: string; isRead: boolean; attachments: { id: string; name: string; type: string; size: string; url: string; }[]; }'.
src/pages/notifications/NotificationCenter.tsx(4,18): error TS6133: 'AnimatePresence' is declared but its value is never read.
src/pages/notifications/NotificationCenter.tsx(9,3): error TS6133: 'Filter' is declared but its value is never read.
src/pages/notifications/NotificationCenter.tsx(11,3): error TS6133: 'Clock' is declared but its value is never read.
src/pages/notifications/NotificationCenter.tsx(13,3): error TS6133: 'Star' is declared but its value is never read.
src/pages/notifications/NotificationCenter.tsx(17,3): error TS6133: 'Phone' is declared but its value is never read.
src/pages/notifications/NotificationCenter.tsx(25,3): error TS6133: 'BellOff' is declared but its value is never read.
src/pages/notifications/NotificationCenter.tsx(26,3): error TS6133: 'RefreshCw' is declared but its value is never read.
src/pages/notifications/NotificationCenter.tsx(37,10): error TS6133: 'showSettings' is declared but its value is never read.
src/pages/payments/Payments.tsx(1,8): error TS6133: 'React' is declared but its value is never read.
src/pages/payments/Payments.tsx(20,3): error TS6133: 'DollarSign' is declared but its value is never read.
src/pages/payments/Payments.tsx(22,3): error TS6133: 'Filter' is declared but its value is never read.
src/pages/payments/Payments.tsx(24,3): error TS6133: 'MoreVertical' is declared but its value is never read.
src/pages/payments/Payments.tsx(31,9): error TS6133: 'navigate' is declared but its value is never read.
src/pages/profile/ProfileVerification.tsx(18,9): error TS6133: 't' is declared but its value is never read.
src/pages/search/AdvancedSearch.tsx(145,9): error TS6133: 'getLocation' is declared but its value is never read.
src/pages/services/BrowseServices.tsx(11,3): error TS6133: 'DollarSign' is declared but its value is never read.
src/pages/settings/Settings.tsx(1,8): error TS6133: 'React' is declared but its value is never read.
src/pages/settings/Settings.tsx(16,3): error TS6133: 'Upload' is declared but its value is never read.
src/pages/settings/Settings.tsx(19,3): error TS6133: 'CheckCircle' is declared but its value is never read.
src/pages/settings/Settings.tsx(20,3): error TS6133: 'AlertCircle' is declared but its value is never read.
src/pages/settings/Settings.tsx(26,9): error TS6133: 'navigate' is declared but its value is never read.
src/pages/settings/Settings.tsx(29,10): error TS6133: 'isRTL' is declared but its value is never read.
src/pages/settings/Settings.tsx(60,14): error TS2345: Argument of type '"light" | "dark" | "system"' is not assignable to parameter of type 'Theme'.
  Type '"system"' is not assignable to type 'Theme'.
src/pages/support/SupportHelp.tsx(8,3): error TS6133: 'Search' is declared but its value is never read.
src/pages/support/SupportHelp.tsx(11,3): error TS6133: 'Phone' is declared but its value is never read.
src/pages/support/SupportHelp.tsx(12,3): error TS6133: 'Mail' is declared but its value is never read.
src/pages/support/SupportHelp.tsx(21,3): error TS6133: 'Video' is declared but its value is never read.
src/pages/support/SupportHelp.tsx(22,3): error TS6133: 'Download' is declared but its value is never read.
src/pages/support/SupportHelp.tsx(23,3): error TS6133: 'ExternalLink' is declared but its value is never read.
src/pages/support/SupportHelp.tsx(29,9): error TS6133: 'navigate' is declared but its value is never read.
src/pages/support/SupportHelp.tsx(32,10): error TS6133: 'selectedArticle' is declared but its value is never read.
src/pages/video/VideoCalls.tsx(1,20): error TS6133: 'useEffect' is declared but its value is never read.
src/pages/video/VideoCalls.tsx(1,31): error TS6133: 'useRef' is declared but its value is never read.
src/pages/video/VideoCalls.tsx(4,18): error TS6133: 'AnimatePresence' is declared but its value is never read.
src/pages/video/VideoCalls.tsx(12,3): error TS6133: 'Phone' is declared but its value is never read.
src/pages/video/VideoCalls.tsx(14,3): error TS6133: 'Settings' is declared but its value is never read.
src/pages/video/VideoCalls.tsx(20,3): error TS6133: 'Filter' is declared but its value is never read.
src/pages/video/VideoCalls.tsx(22,3): error TS6133: 'Share' is declared but its value is never read.
src/pages/video/VideoCalls.tsx(28,3): error TS6133: 'Hand' is declared but its value is never read.
src/pages/video/VideoCalls.tsx(29,3): error TS6133: 'Volume2' is declared but its value is never read.
src/pages/video/VideoCalls.tsx(30,3): error TS6133: 'VolumeX' is declared but its value is never read.
src/pages/video/VideoCalls.tsx(31,3): error TS6133: 'Camera' is declared but its value is never read.
src/pages/video/VideoCalls.tsx(32,3): error TS6133: 'CameraOff' is declared but its value is never read.
src/pages/video/VideoCalls.tsx(36,3): error TS6133: 'Star' is declared but its value is never read.
src/pages/video/VideoCalls.tsx(37,3): error TS6133: 'MessageCircle' is declared but its value is never read.
src/pages/video/VideoCalls.tsx(38,3): error TS6133: 'FileText' is declared but its value is never read.
src/pages/video/VideoCalls.tsx(43,9): error TS6133: 't' is declared but its value is never read.
src/pages/video/VideoCalls.tsx(54,10): error TS6133: 'selectedMeeting' is declared but its value is never read.
src/pages/video/VideoCalls.tsx(218,9): error TS6133: 'handleToggleHand' is declared but its value is never read.
src/pages/video/VideoCalls.tsx(345,20): error TS2304: Cannot find name 'Send'.
src/pages/video/VideoCalls.tsx(616,28): error TS2339: Property 'recording' does not exist on type '{ id: string; title: string; participants: string[]; date: string; time: string; duration: string; type: string; status: string; description: string; meetingId: string; password: string; agenda: string[]; } | { ...; }'.
  Property 'recording' does not exist on type '{ id: string; title: string; participants: string[]; date: string; time: string; duration: string; type: string; status: string; description: string; meetingId: string; password: string; agenda: string[]; }'.
src/pages/video/VideoCalls.tsx(624,38): error TS2339: Property 'recording' does not exist on type '{ id: string; title: string; participants: string[]; date: string; time: string; duration: string; type: string; status: string; description: string; meetingId: string; password: string; agenda: string[]; } | { ...; }'.
  Property 'recording' does not exist on type '{ id: string; title: string; participants: string[]; date: string; time: string; duration: string; type: string; status: string; description: string; meetingId: string; password: string; agenda: string[]; }'.
src/pages/video/VideoCalls.tsx(624,69): error TS2339: Property 'recording' does not exist on type '{ id: string; title: string; participants: string[]; date: string; time: string; duration: string; type: string; status: string; description: string; meetingId: string; password: string; agenda: string[]; } | { ...; }'.
  Property 'recording' does not exist on type '{ id: string; title: string; participants: string[]; date: string; time: string; duration: string; type: string; status: string; description: string; meetingId: string; password: string; agenda: string[]; }'.
src/pages/video/VideoCalls.tsx(628,74): error TS2339: Property 'recording' does not exist on type '{ id: string; title: string; participants: string[]; date: string; time: string; duration: string; type: string; status: string; description: string; meetingId: string; password: string; agenda: string[]; } | { ...; }'.
  Property 'recording' does not exist on type '{ id: string; title: string; participants: string[]; date: string; time: string; duration: string; type: string; status: string; description: string; meetingId: string; password: string; agenda: string[]; }'.
src/pages/video/VideoCalls.tsx(656,26): error TS2304: Cannot find name 'Eye'.
src/pages/voice/VoiceNotes.tsx(4,18): error TS6133: 'AnimatePresence' is declared but its value is never read.
src/pages/voice/VoiceNotes.tsx(9,3): error TS6133: 'MicOff' is declared but its value is never read.
src/pages/voice/VoiceNotes.tsx(14,3): error TS6133: 'Share' is declared but its value is never read.
src/pages/voice/VoiceNotes.tsx(15,3): error TS6133: 'Edit' is declared but its value is never read.
src/pages/voice/VoiceNotes.tsx(19,3): error TS6133: 'Filter' is declared but its value is never read.
src/pages/voice/VoiceNotes.tsx(20,3): error TS6133: 'SortAsc' is declared but its value is never read.
src/pages/voice/VoiceNotes.tsx(21,3): error TS6133: 'SortDesc' is declared but its value is never read.
src/pages/voice/VoiceNotes.tsx(22,3): error TS6133: 'RefreshCw' is declared but its value is never read.
src/pages/voice/VoiceNotes.tsx(27,3): error TS6133: 'VolumeX' is declared but its value is never read.
src/pages/voice/VoiceNotes.tsx(29,3): error TS6133: 'AlertCircle' is declared but its value is never read.
src/pages/voice/VoiceNotes.tsx(31,3): error TS6133: 'Tag' is declared but its value is never read.
src/pages/voice/VoiceNotes.tsx(32,3): error TS6133: 'Calendar' is declared but its value is never read.
src/pages/voice/VoiceNotes.tsx(34,3): error TS6133: 'MessageCircle' is declared but its value is never read.
src/pages/voice/VoiceNotes.tsx(35,3): error TS6133: 'Send' is declared but its value is never read.
src/pages/voice/VoiceNotes.tsx(36,3): error TS6133: 'Copy' is declared but its value is never read.
src/pages/voice/VoiceNotes.tsx(37,3): error TS6133: 'Flag' is declared but its value is never read.
src/pages/voice/VoiceNotes.tsx(39,3): error TS6133: 'Bookmark' is declared but its value is never read.
src/pages/voice/VoiceNotes.tsx(40,3): error TS6133: 'BookmarkCheck' is declared but its value is never read.
src/pages/voice/VoiceNotes.tsx(42,3): error TS6133: 'Activity' is declared but its value is never read.
src/pages/voice/VoiceNotes.tsx(43,3): error TS2724: '"lucide-react"' has no exported member named 'Bolt'. Did you mean 'Bot'?
src/pages/voice/VoiceNotes.tsx(43,3): error TS6133: 'Bolt' is declared but its value is never read.
src/pages/voice/VoiceNotes.tsx(44,3): error TS6133: 'Shield' is declared but its value is never read.
src/pages/voice/VoiceNotes.tsx(48,9): error TS6133: 't' is declared but its value is never read.
src/pages/voice/VoiceNotes.tsx(54,10): error TS6133: 'playbackTime' is declared but its value is never read.
src/pages/voice/VoiceNotes.tsx(54,24): error TS6133: 'setPlaybackTime' is declared but its value is never read.
src/pages/voice/VoiceNotes.tsx(60,10): error TS6133: 'isTranscribing' is declared but its value is never read.
src/pages/voice/VoiceNotes.tsx(61,10): error TS6133: 'showNewNote' is declared but its value is never read.
src/pages/voice/VoiceNotes.tsx(62,10): error TS6133: 'isMuted' is declared but its value is never read.
src/pages/voice/VoiceNotes.tsx(62,19): error TS6133: 'setIsMuted' is declared but its value is never read.
src/pages/voice/VoiceNotes.tsx(64,10): error TS6133: 'playbackSpeed' is declared but its value is never read.
src/pages/voice/VoiceNotes.tsx(64,25): error TS6133: 'setPlaybackSpeed' is declared but its value is never read.
src/pages/voice/VoiceNotes.tsx(66,20): error TS6133: 'setIsOnline' is declared but its value is never read.
src/pages/voice/VoiceNotes.tsx(313,9): error TS6133: 'handleTranscribe' is declared but its value is never read.
src/pages/voice/VoiceNotes.tsx(313,29): error TS6133: 'noteId' is declared but its value is never read.
src/pages/voice/VoiceNotes.tsx(322,9): error TS6133: 'handleFavoriteToggle' is declared but its value is never read.
src/pages/voice/VoiceNotes.tsx(326,9): error TS6133: 'handleArchiveToggle' is declared but its value is never read.
src/stores/themeStore.ts(23,11): error TS6133: 'get' is declared but its value is never read.
